  Animation.cpp
  Collider.cpp
  Enemy.cpp
C:\Dev\game\ConsoleApplication2\ConsoleApplication2\Animation.h(2,10): error C1083: Не удается открыть файл включение: SFML/Graphics.hpp: No such file or directory,
  Entity.cpp
  (компиляция исходного файла "Animation.cpp")
  
C:\Dev\game\ConsoleApplication2\ConsoleApplication2\Collider.h(2,10): error C1083: Не удается открыть файл включение: SFML\Graphics.hpp: No such file or directory,
  (компиляция исходного файла "Collider.cpp")
  
C:\Dev\game\ConsoleApplication2\ConsoleApplication2\Collider.h(2,10): error C1083: Не удается открыть файл включение: SFML\Graphics.hpp: No such file or directory,
  (компиляция исходного файла "Enemy.cpp")
  
C:\Dev\game\ConsoleApplication2\ConsoleApplication2\Collider.h(2,10): error C1083: Не удается открыть файл включение: SFML\Graphics.hpp: No such file or directory,
  (компиляция исходного файла "Entity.cpp")
  
  main.cpp
C:\Dev\game\ConsoleApplication2\ConsoleApplication2\Animation.h(2,10): error C1083: Не удается открыть файл включение: SFML/Graphics.hpp: No such file or directory,
  (компиляция исходного файла "main.cpp")
  
  Object.cpp
C:\Dev\game\ConsoleApplication2\ConsoleApplication2\Collider.h(2,10): error C1083: Не удается открыть файл включение: SFML\Graphics.hpp: No such file or directory,
  (компиляция исходного файла "Object.cpp")
  
  Person.cpp
C:\Dev\game\ConsoleApplication2\ConsoleApplication2\Collider.h(2,10): error C1083: Не удается открыть файл включение: SFML\Graphics.hpp: No such file or directory,
  (компиляция исходного файла "Person.cpp")
  
  Platform.cpp
C:\Dev\game\ConsoleApplication2\ConsoleApplication2\Platform.h(2,10): error C1083: Не удается открыть файл включение: SFML\Graphics.hpp: No such file or directory,
  (компиляция исходного файла "Platform.cpp")
  
  Player.cpp
C:\Dev\game\ConsoleApplication2\ConsoleApplication2\Collider.h(2,10): error C1083: Не удается открыть файл включение: SFML\Graphics.hpp: No such file or directory,
  (компиляция исходного файла "Player.cpp")
  
